<?xml version="1.0" encoding="UTF-8"?>
<!-- Generated by org.testng.reporters.JUnitXMLReporter -->
<testsuite hostname="Piotrek-HP" name="ChromeTest" tests="18" failures="0" timestamp="27 Dec 2016 18:49:02 GMT" time="182.55" errors="0">
  <testcase name="testMultiForm" time="3.376" classname="tests.TestMultiForm"/>
  <testcase name="testMultiForm" time="4.12" classname="tests.TestMultiForm"/>
  <testcase name="testMultiForm" time="2.99" classname="tests.TestMultiForm"/>
  <testcase name="testMultiForm" time="2.788" classname="tests.TestMultiForm"/>
  <testcase name="testMultiForm" time="4.507" classname="tests.TestMultiForm"/>
  <testcase name="testMultiForm" time="3.435" classname="tests.TestMultiForm"/>
  <testcase name="testSearchByFirstName" time="0.918" classname="tests.TestWebTable"/>
  <testcase name="testSearchByFirstName" time="0.684" classname="tests.TestWebTable"/>
  <testcase name="testSearchByFirstName" time="0.662" classname="tests.TestWebTable"/>
  <testcase name="testSearchByFirstName" time="0.762" classname="tests.TestWebTable"/>
  <testcase name="testSearchByFirstName" time="0.807" classname="tests.TestWebTable"/>
  <testcase name="testSearchByFirstName" time="0.813" classname="tests.TestWebTable"/>
  <testcase name="testSearchByLastName" time="1.094" classname="tests.TestWebTable"/>
  <testcase name="testSearchByLastName" time="0.748" classname="tests.TestWebTable"/>
  <testcase name="testSearchByLastName" time="0.677" classname="tests.TestWebTable"/>
  <testcase name="testSearchByLastName" time="0.954" classname="tests.TestWebTable"/>
  <testcase name="testSearchByLastName" time="1.614" classname="tests.TestWebTable"/>
  <testcase name="testSearchByLastName" time="1.498" classname="tests.TestWebTable"/>
</testsuite> <!-- ChromeTest -->
