<?xml version="1.0" encoding="UTF-8"?>
<!-- Generated by org.testng.reporters.JUnitXMLReporter -->
<testsuite hostname="Piotrek-HP" name="ChromeTest" tests="6" failures="0" timestamp="27 Dec 2016 07:50:43 GMT" time="83.046" errors="0">
  <testcase name="testMultiForm" time="5.207" classname="tests.TestMultiForm"/>
  <testcase name="testMultiForm" time="3.917" classname="tests.TestMultiForm"/>
  <testcase name="testMultiForm" time="3.882" classname="tests.TestMultiForm"/>
  <testcase name="testMultiForm" time="3.602" classname="tests.TestMultiForm"/>
  <testcase name="testMultiForm" time="3.942" classname="tests.TestMultiForm"/>
  <testcase name="testMultiForm" time="3.988" classname="tests.TestMultiForm"/>
</testsuite> <!-- ChromeTest -->
