<?xml version="1.0" encoding="UTF-8"?>
<!-- Generated by org.testng.reporters.JUnitXMLReporter -->
<testsuite hostname="Piotrek-HP" name="FirefoxTest" tests="6" failures="0" timestamp="29 Dec 2016 16:48:44 GMT" time="82.498" errors="0">
  <testcase name="TestSearchByAccountAndExpenditurePayee" time="0.719" classname="tests.TestSearchFilter"/>
  <testcase name="TestSearchByAccountAndExpenditurePayee" time="0.38" classname="tests.TestSearchFilter"/>
  <testcase name="TestSearchByAccountAndExpenditurePayee" time="0.537" classname="tests.TestSearchFilter"/>
  <testcase name="TestSearchByAccountAndExpenditurePayee" time="0.318" classname="tests.TestSearchFilter"/>
  <testcase name="TestSearchByAccountAndExpenditurePayee" time="0.301" classname="tests.TestSearchFilter"/>
  <testcase name="TestSearchByAccountAndExpenditurePayee" time="0.283" classname="tests.TestSearchFilter"/>
</testsuite> <!-- FirefoxTest -->
