<?xml version="1.0" encoding="UTF-8"?>
<!-- Generated by org.testng.reporters.JUnitXMLReporter -->
<testsuite hostname="Piotrek-HP" name="FirefoxTest" tests="6" failures="0" timestamp="7 Jan 2017 19:58:33 GMT" time="70.33" errors="0">
  <testcase name="testUploadImage" time="0.586" classname="tests.TestUploadImage"/>
  <testcase name="testUploadImage" time="0.162" classname="tests.TestUploadImage"/>
  <testcase name="testUploadImage" time="0.248" classname="tests.TestUploadImage"/>
  <testcase name="testUploadImage" time="0.204" classname="tests.TestUploadImage"/>
  <testcase name="testUploadImage" time="0.187" classname="tests.TestUploadImage"/>
  <testcase name="testUploadImage" time="0.173" classname="tests.TestUploadImage"/>
</testsuite> <!-- FirefoxTest -->
