<?xml version="1.0" encoding="UTF-8"?>
<!-- Generated by org.testng.reporters.JUnitXMLReporter -->
<testsuite hostname="Piotrek-HP" name="IETest" tests="6" failures="0" timestamp="29 Dec 2016 16:50:27 GMT" time="36.236" errors="0">
  <testcase name="TestSearchByAccountAndExpenditurePayee" time="1.547" classname="tests.TestSearchFilter"/>
  <testcase name="TestSearchByAccountAndExpenditurePayee" time="1.583" classname="tests.TestSearchFilter"/>
  <testcase name="TestSearchByAccountAndExpenditurePayee" time="1.47" classname="tests.TestSearchFilter"/>
  <testcase name="TestSearchByAccountAndExpenditurePayee" time="1.636" classname="tests.TestSearchFilter"/>
  <testcase name="TestSearchByAccountAndExpenditurePayee" time="1.535" classname="tests.TestSearchFilter"/>
  <testcase name="TestSearchByAccountAndExpenditurePayee" time="1.644" classname="tests.TestSearchFilter"/>
</testsuite> <!-- IETest -->
