<?xml version="1.0" encoding="UTF-8"?>
<!-- Generated by org.testng.reporters.JUnitXMLReporter -->
<testsuite hostname="Piotrek-HP" name="IETest" tests="6" failures="0" timestamp="7 Jan 2017 20:00:02 GMT" time="43.646" errors="0">
  <testcase name="testUploadImage" time="3.131" classname="tests.TestUploadImage"/>
  <testcase name="testUploadImage" time="3.488" classname="tests.TestUploadImage"/>
  <testcase name="testUploadImage" time="2.673" classname="tests.TestUploadImage"/>
  <testcase name="testUploadImage" time="2.799" classname="tests.TestUploadImage"/>
  <testcase name="testUploadImage" time="2.922" classname="tests.TestUploadImage"/>
  <testcase name="testUploadImage" time="2.891" classname="tests.TestUploadImage"/>
</testsuite> <!-- IETest -->
