<?xml version="1.0" encoding="UTF-8"?>
<testng-results skipped="0" failed="0" total="18" passed="18">
  <reporter-output>
  </reporter-output>
  <suite name="Suite" duration-ms="158946" started-at="2017-01-07T19:57:23Z" finished-at="2017-01-07T20:00:02Z">
    <groups>
    </groups>
    <test name="FirefoxTest" duration-ms="70330" started-at="2017-01-07T19:57:23Z" finished-at="2017-01-07T19:58:33Z">
      <class name="tests.TestUploadImage">
        <test-method status="PASS" signature="beforeClass(java.lang.String)[pri:0, instance:tests.TestUploadImage@d8355a8]" name="beforeClass" is-config="true" duration-ms="19" started-at="2017-01-07T20:57:23Z" finished-at="2017-01-07T20:57:23Z">
          <params>
            <param index="0">
              <value>
                <![CDATA[firefox]]>
              </value>
            </param>
          </params>
          <reporter-output>
          </reporter-output>
        </test-method> <!-- beforeClass -->
        <test-method status="PASS" signature="beforeMethod(java.lang.String)[pri:0, instance:tests.TestUploadImage@d8355a8]" name="beforeMethod" is-config="true" duration-ms="10261" started-at="2017-01-07T20:57:23Z" finished-at="2017-01-07T20:57:33Z">
          <params>
            <param index="0">
              <value>
                <![CDATA[firefox]]>
              </value>
            </param>
          </params>
          <reporter-output>
          </reporter-output>
        </test-method> <!-- beforeMethod -->
        <test-method status="PASS" signature="testUploadImage()[pri:0, instance:tests.TestUploadImage@d8355a8]" name="testUploadImage" duration-ms="586" started-at="2017-01-07T20:57:33Z" finished-at="2017-01-07T20:57:34Z">
          <reporter-output>
          </reporter-output>
        </test-method> <!-- testUploadImage -->
        <test-method status="PASS" signature="afterMethod()[pri:0, instance:tests.TestUploadImage@d8355a8]" name="afterMethod" is-config="true" duration-ms="2471" started-at="2017-01-07T20:57:34Z" finished-at="2017-01-07T20:57:37Z">
          <reporter-output>
          </reporter-output>
        </test-method> <!-- afterMethod -->
        <test-method status="PASS" signature="beforeMethod(java.lang.String)[pri:0, instance:tests.TestUploadImage@d8355a8]" name="beforeMethod" is-config="true" duration-ms="8740" started-at="2017-01-07T20:57:37Z" finished-at="2017-01-07T20:57:45Z">
          <params>
            <param index="0">
              <value>
                <![CDATA[firefox]]>
              </value>
            </param>
          </params>
          <reporter-output>
          </reporter-output>
        </test-method> <!-- beforeMethod -->
        <test-method status="PASS" signature="testUploadImage()[pri:0, instance:tests.TestUploadImage@d8355a8]" name="testUploadImage" duration-ms="162" started-at="2017-01-07T20:57:45Z" finished-at="2017-01-07T20:57:45Z">
          <reporter-output>
          </reporter-output>
        </test-method> <!-- testUploadImage -->
        <test-method status="PASS" signature="afterMethod()[pri:0, instance:tests.TestUploadImage@d8355a8]" name="afterMethod" is-config="true" duration-ms="2152" started-at="2017-01-07T20:57:45Z" finished-at="2017-01-07T20:57:48Z">
          <reporter-output>
          </reporter-output>
        </test-method> <!-- afterMethod -->
        <test-method status="PASS" signature="beforeMethod(java.lang.String)[pri:0, instance:tests.TestUploadImage@d8355a8]" name="beforeMethod" is-config="true" duration-ms="9739" started-at="2017-01-07T20:57:48Z" finished-at="2017-01-07T20:57:57Z">
          <params>
            <param index="0">
              <value>
                <![CDATA[firefox]]>
              </value>
            </param>
          </params>
          <reporter-output>
          </reporter-output>
        </test-method> <!-- beforeMethod -->
        <test-method status="PASS" signature="testUploadImage()[pri:0, instance:tests.TestUploadImage@d8355a8]" name="testUploadImage" duration-ms="248" started-at="2017-01-07T20:57:57Z" finished-at="2017-01-07T20:57:58Z">
          <reporter-output>
          </reporter-output>
        </test-method> <!-- testUploadImage -->
        <test-method status="PASS" signature="afterMethod()[pri:0, instance:tests.TestUploadImage@d8355a8]" name="afterMethod" is-config="true" duration-ms="2045" started-at="2017-01-07T20:57:58Z" finished-at="2017-01-07T20:58:00Z">
          <reporter-output>
          </reporter-output>
        </test-method> <!-- afterMethod -->
        <test-method status="PASS" signature="beforeMethod(java.lang.String)[pri:0, instance:tests.TestUploadImage@d8355a8]" name="beforeMethod" is-config="true" duration-ms="8851" started-at="2017-01-07T20:58:00Z" finished-at="2017-01-07T20:58:08Z">
          <params>
            <param index="0">
              <value>
                <![CDATA[firefox]]>
              </value>
            </param>
          </params>
          <reporter-output>
          </reporter-output>
        </test-method> <!-- beforeMethod -->
        <test-method status="PASS" signature="testUploadImage()[pri:0, instance:tests.TestUploadImage@d8355a8]" name="testUploadImage" duration-ms="204" started-at="2017-01-07T20:58:08Z" finished-at="2017-01-07T20:58:09Z">
          <reporter-output>
          </reporter-output>
        </test-method> <!-- testUploadImage -->
        <test-method status="PASS" signature="afterMethod()[pri:0, instance:tests.TestUploadImage@d8355a8]" name="afterMethod" is-config="true" duration-ms="2086" started-at="2017-01-07T20:58:09Z" finished-at="2017-01-07T20:58:11Z">
          <reporter-output>
          </reporter-output>
        </test-method> <!-- afterMethod -->
        <test-method status="PASS" signature="beforeMethod(java.lang.String)[pri:0, instance:tests.TestUploadImage@d8355a8]" name="beforeMethod" is-config="true" duration-ms="8723" started-at="2017-01-07T20:58:11Z" finished-at="2017-01-07T20:58:19Z">
          <params>
            <param index="0">
              <value>
                <![CDATA[firefox]]>
              </value>
            </param>
          </params>
          <reporter-output>
          </reporter-output>
        </test-method> <!-- beforeMethod -->
        <test-method status="PASS" signature="testUploadImage()[pri:0, instance:tests.TestUploadImage@d8355a8]" name="testUploadImage" duration-ms="187" started-at="2017-01-07T20:58:19Z" finished-at="2017-01-07T20:58:20Z">
          <reporter-output>
          </reporter-output>
        </test-method> <!-- testUploadImage -->
        <test-method status="PASS" signature="afterMethod()[pri:0, instance:tests.TestUploadImage@d8355a8]" name="afterMethod" is-config="true" duration-ms="2048" started-at="2017-01-07T20:58:20Z" finished-at="2017-01-07T20:58:22Z">
          <reporter-output>
          </reporter-output>
        </test-method> <!-- afterMethod -->
        <test-method status="PASS" signature="beforeMethod(java.lang.String)[pri:0, instance:tests.TestUploadImage@d8355a8]" name="beforeMethod" is-config="true" duration-ms="9400" started-at="2017-01-07T20:58:22Z" finished-at="2017-01-07T20:58:31Z">
          <params>
            <param index="0">
              <value>
                <![CDATA[firefox]]>
              </value>
            </param>
          </params>
          <reporter-output>
          </reporter-output>
        </test-method> <!-- beforeMethod -->
        <test-method status="PASS" signature="testUploadImage()[pri:0, instance:tests.TestUploadImage@d8355a8]" name="testUploadImage" duration-ms="173" started-at="2017-01-07T20:58:31Z" finished-at="2017-01-07T20:58:31Z">
          <reporter-output>
          </reporter-output>
        </test-method> <!-- testUploadImage -->
        <test-method status="PASS" signature="afterMethod()[pri:0, instance:tests.TestUploadImage@d8355a8]" name="afterMethod" is-config="true" duration-ms="2124" started-at="2017-01-07T20:58:31Z" finished-at="2017-01-07T20:58:33Z">
          <reporter-output>
          </reporter-output>
        </test-method> <!-- afterMethod -->
      </class> <!-- tests.TestUploadImage -->
    </test> <!-- FirefoxTest -->
    <test name="ChromeTest" duration-ms="44917" started-at="2017-01-07T19:58:33Z" finished-at="2017-01-07T19:59:18Z">
      <class name="tests.TestUploadImage">
        <test-method status="PASS" signature="beforeClass(java.lang.String)[pri:0, instance:tests.TestUploadImage@53b32d7]" name="beforeClass" is-config="true" duration-ms="1" started-at="2017-01-07T20:58:33Z" finished-at="2017-01-07T20:58:33Z">
          <params>
            <param index="0">
              <value>
                <![CDATA[chrome]]>
              </value>
            </param>
          </params>
          <reporter-output>
          </reporter-output>
        </test-method> <!-- beforeClass -->
        <test-method status="PASS" signature="beforeMethod(java.lang.String)[pri:0, instance:tests.TestUploadImage@53b32d7]" name="beforeMethod" is-config="true" duration-ms="7858" started-at="2017-01-07T20:58:33Z" finished-at="2017-01-07T20:58:41Z">
          <params>
            <param index="0">
              <value>
                <![CDATA[chrome]]>
              </value>
            </param>
          </params>
          <reporter-output>
          </reporter-output>
        </test-method> <!-- beforeMethod -->
        <test-method status="PASS" signature="testUploadImage()[pri:0, instance:tests.TestUploadImage@53b32d7]" name="testUploadImage" duration-ms="226" started-at="2017-01-07T20:58:41Z" finished-at="2017-01-07T20:58:42Z">
          <reporter-output>
          </reporter-output>
        </test-method> <!-- testUploadImage -->
        <test-method status="PASS" signature="afterMethod()[pri:0, instance:tests.TestUploadImage@53b32d7]" name="afterMethod" is-config="true" duration-ms="1271" started-at="2017-01-07T20:58:42Z" finished-at="2017-01-07T20:58:43Z">
          <reporter-output>
          </reporter-output>
        </test-method> <!-- afterMethod -->
        <test-method status="PASS" signature="beforeMethod(java.lang.String)[pri:0, instance:tests.TestUploadImage@53b32d7]" name="beforeMethod" is-config="true" duration-ms="5312" started-at="2017-01-07T20:58:43Z" finished-at="2017-01-07T20:58:48Z">
          <params>
            <param index="0">
              <value>
                <![CDATA[chrome]]>
              </value>
            </param>
          </params>
          <reporter-output>
          </reporter-output>
        </test-method> <!-- beforeMethod -->
        <test-method status="PASS" signature="testUploadImage()[pri:0, instance:tests.TestUploadImage@53b32d7]" name="testUploadImage" duration-ms="234" started-at="2017-01-07T20:58:48Z" finished-at="2017-01-07T20:58:48Z">
          <reporter-output>
          </reporter-output>
        </test-method> <!-- testUploadImage -->
        <test-method status="PASS" signature="afterMethod()[pri:0, instance:tests.TestUploadImage@53b32d7]" name="afterMethod" is-config="true" duration-ms="1210" started-at="2017-01-07T20:58:48Z" finished-at="2017-01-07T20:58:50Z">
          <reporter-output>
          </reporter-output>
        </test-method> <!-- afterMethod -->
        <test-method status="PASS" signature="beforeMethod(java.lang.String)[pri:0, instance:tests.TestUploadImage@53b32d7]" name="beforeMethod" is-config="true" duration-ms="5394" started-at="2017-01-07T20:58:50Z" finished-at="2017-01-07T20:58:55Z">
          <params>
            <param index="0">
              <value>
                <![CDATA[chrome]]>
              </value>
            </param>
          </params>
          <reporter-output>
          </reporter-output>
        </test-method> <!-- beforeMethod -->
        <test-method status="PASS" signature="testUploadImage()[pri:0, instance:tests.TestUploadImage@53b32d7]" name="testUploadImage" duration-ms="473" started-at="2017-01-07T20:58:55Z" finished-at="2017-01-07T20:58:55Z">
          <reporter-output>
          </reporter-output>
        </test-method> <!-- testUploadImage -->
        <test-method status="PASS" signature="afterMethod()[pri:0, instance:tests.TestUploadImage@53b32d7]" name="afterMethod" is-config="true" duration-ms="1350" started-at="2017-01-07T20:58:55Z" finished-at="2017-01-07T20:58:57Z">
          <reporter-output>
          </reporter-output>
        </test-method> <!-- afterMethod -->
        <test-method status="PASS" signature="beforeMethod(java.lang.String)[pri:0, instance:tests.TestUploadImage@53b32d7]" name="beforeMethod" is-config="true" duration-ms="5266" started-at="2017-01-07T20:58:57Z" finished-at="2017-01-07T20:59:02Z">
          <params>
            <param index="0">
              <value>
                <![CDATA[chrome]]>
              </value>
            </param>
          </params>
          <reporter-output>
          </reporter-output>
        </test-method> <!-- beforeMethod -->
        <test-method status="PASS" signature="testUploadImage()[pri:0, instance:tests.TestUploadImage@53b32d7]" name="testUploadImage" duration-ms="315" started-at="2017-01-07T20:59:02Z" finished-at="2017-01-07T20:59:02Z">
          <reporter-output>
          </reporter-output>
        </test-method> <!-- testUploadImage -->
        <test-method status="PASS" signature="afterMethod()[pri:0, instance:tests.TestUploadImage@53b32d7]" name="afterMethod" is-config="true" duration-ms="1499" started-at="2017-01-07T20:59:02Z" finished-at="2017-01-07T20:59:04Z">
          <reporter-output>
          </reporter-output>
        </test-method> <!-- afterMethod -->
        <test-method status="PASS" signature="beforeMethod(java.lang.String)[pri:0, instance:tests.TestUploadImage@53b32d7]" name="beforeMethod" is-config="true" duration-ms="5400" started-at="2017-01-07T20:59:04Z" finished-at="2017-01-07T20:59:09Z">
          <params>
            <param index="0">
              <value>
                <![CDATA[chrome]]>
              </value>
            </param>
          </params>
          <reporter-output>
          </reporter-output>
        </test-method> <!-- beforeMethod -->
        <test-method status="PASS" signature="testUploadImage()[pri:0, instance:tests.TestUploadImage@53b32d7]" name="testUploadImage" duration-ms="399" started-at="2017-01-07T20:59:09Z" finished-at="2017-01-07T20:59:10Z">
          <reporter-output>
          </reporter-output>
        </test-method> <!-- testUploadImage -->
        <test-method status="PASS" signature="afterMethod()[pri:0, instance:tests.TestUploadImage@53b32d7]" name="afterMethod" is-config="true" duration-ms="1248" started-at="2017-01-07T20:59:10Z" finished-at="2017-01-07T20:59:11Z">
          <reporter-output>
          </reporter-output>
        </test-method> <!-- afterMethod -->
        <test-method status="PASS" signature="beforeMethod(java.lang.String)[pri:0, instance:tests.TestUploadImage@53b32d7]" name="beforeMethod" is-config="true" duration-ms="5544" started-at="2017-01-07T20:59:11Z" finished-at="2017-01-07T20:59:17Z">
          <params>
            <param index="0">
              <value>
                <![CDATA[chrome]]>
              </value>
            </param>
          </params>
          <reporter-output>
          </reporter-output>
        </test-method> <!-- beforeMethod -->
        <test-method status="PASS" signature="testUploadImage()[pri:0, instance:tests.TestUploadImage@53b32d7]" name="testUploadImage" duration-ms="510" started-at="2017-01-07T20:59:17Z" finished-at="2017-01-07T20:59:17Z">
          <reporter-output>
          </reporter-output>
        </test-method> <!-- testUploadImage -->
        <test-method status="PASS" signature="afterMethod()[pri:0, instance:tests.TestUploadImage@53b32d7]" name="afterMethod" is-config="true" duration-ms="1374" started-at="2017-01-07T20:59:17Z" finished-at="2017-01-07T20:59:18Z">
          <reporter-output>
          </reporter-output>
        </test-method> <!-- afterMethod -->
      </class> <!-- tests.TestUploadImage -->
    </test> <!-- ChromeTest -->
    <test name="IETest" duration-ms="43646" started-at="2017-01-07T19:59:18Z" finished-at="2017-01-07T20:00:02Z">
      <class name="tests.TestUploadImage">
        <test-method status="PASS" signature="beforeMethod(java.lang.String)[pri:0, instance:tests.TestUploadImage@e25b2fe]" name="beforeMethod" is-config="true" duration-ms="5499" started-at="2017-01-07T20:59:18Z" finished-at="2017-01-07T20:59:24Z">
          <params>
            <param index="0">
              <value>
                <![CDATA[ie]]>
              </value>
            </param>
          </params>
          <reporter-output>
          </reporter-output>
        </test-method> <!-- beforeMethod -->
        <test-method status="PASS" signature="beforeClass(java.lang.String)[pri:0, instance:tests.TestUploadImage@e25b2fe]" name="beforeClass" is-config="true" duration-ms="0" started-at="2017-01-07T20:59:18Z" finished-at="2017-01-07T20:59:18Z">
          <params>
            <param index="0">
              <value>
                <![CDATA[ie]]>
              </value>
            </param>
          </params>
          <reporter-output>
          </reporter-output>
        </test-method> <!-- beforeClass -->
        <test-method status="PASS" signature="testUploadImage()[pri:0, instance:tests.TestUploadImage@e25b2fe]" name="testUploadImage" duration-ms="3131" started-at="2017-01-07T20:59:24Z" finished-at="2017-01-07T20:59:27Z">
          <reporter-output>
          </reporter-output>
        </test-method> <!-- testUploadImage -->
        <test-method status="PASS" signature="afterMethod()[pri:0, instance:tests.TestUploadImage@e25b2fe]" name="afterMethod" is-config="true" duration-ms="1116" started-at="2017-01-07T20:59:27Z" finished-at="2017-01-07T20:59:28Z">
          <reporter-output>
          </reporter-output>
        </test-method> <!-- afterMethod -->
        <test-method status="PASS" signature="beforeMethod(java.lang.String)[pri:0, instance:tests.TestUploadImage@e25b2fe]" name="beforeMethod" is-config="true" duration-ms="2769" started-at="2017-01-07T20:59:28Z" finished-at="2017-01-07T20:59:31Z">
          <params>
            <param index="0">
              <value>
                <![CDATA[ie]]>
              </value>
            </param>
          </params>
          <reporter-output>
          </reporter-output>
        </test-method> <!-- beforeMethod -->
        <test-method status="PASS" signature="testUploadImage()[pri:0, instance:tests.TestUploadImage@e25b2fe]" name="testUploadImage" duration-ms="3488" started-at="2017-01-07T20:59:31Z" finished-at="2017-01-07T20:59:34Z">
          <reporter-output>
          </reporter-output>
        </test-method> <!-- testUploadImage -->
        <test-method status="PASS" signature="afterMethod()[pri:0, instance:tests.TestUploadImage@e25b2fe]" name="afterMethod" is-config="true" duration-ms="1032" started-at="2017-01-07T20:59:34Z" finished-at="2017-01-07T20:59:35Z">
          <reporter-output>
          </reporter-output>
        </test-method> <!-- afterMethod -->
        <test-method status="PASS" signature="beforeMethod(java.lang.String)[pri:0, instance:tests.TestUploadImage@e25b2fe]" name="beforeMethod" is-config="true" duration-ms="2573" started-at="2017-01-07T20:59:35Z" finished-at="2017-01-07T20:59:38Z">
          <params>
            <param index="0">
              <value>
                <![CDATA[ie]]>
              </value>
            </param>
          </params>
          <reporter-output>
          </reporter-output>
        </test-method> <!-- beforeMethod -->
        <test-method status="PASS" signature="testUploadImage()[pri:0, instance:tests.TestUploadImage@e25b2fe]" name="testUploadImage" duration-ms="2673" started-at="2017-01-07T20:59:38Z" finished-at="2017-01-07T20:59:41Z">
          <reporter-output>
          </reporter-output>
        </test-method> <!-- testUploadImage -->
        <test-method status="PASS" signature="afterMethod()[pri:0, instance:tests.TestUploadImage@e25b2fe]" name="afterMethod" is-config="true" duration-ms="1012" started-at="2017-01-07T20:59:41Z" finished-at="2017-01-07T20:59:42Z">
          <reporter-output>
          </reporter-output>
        </test-method> <!-- afterMethod -->
        <test-method status="PASS" signature="beforeMethod(java.lang.String)[pri:0, instance:tests.TestUploadImage@e25b2fe]" name="beforeMethod" is-config="true" duration-ms="2560" started-at="2017-01-07T20:59:42Z" finished-at="2017-01-07T20:59:44Z">
          <params>
            <param index="0">
              <value>
                <![CDATA[ie]]>
              </value>
            </param>
          </params>
          <reporter-output>
          </reporter-output>
        </test-method> <!-- beforeMethod -->
        <test-method status="PASS" signature="testUploadImage()[pri:0, instance:tests.TestUploadImage@e25b2fe]" name="testUploadImage" duration-ms="2799" started-at="2017-01-07T20:59:44Z" finished-at="2017-01-07T20:59:47Z">
          <reporter-output>
          </reporter-output>
        </test-method> <!-- testUploadImage -->
        <test-method status="PASS" signature="afterMethod()[pri:0, instance:tests.TestUploadImage@e25b2fe]" name="afterMethod" is-config="true" duration-ms="1356" started-at="2017-01-07T20:59:47Z" finished-at="2017-01-07T20:59:48Z">
          <reporter-output>
          </reporter-output>
        </test-method> <!-- afterMethod -->
        <test-method status="PASS" signature="beforeMethod(java.lang.String)[pri:0, instance:tests.TestUploadImage@e25b2fe]" name="beforeMethod" is-config="true" duration-ms="2856" started-at="2017-01-07T20:59:48Z" finished-at="2017-01-07T20:59:51Z">
          <params>
            <param index="0">
              <value>
                <![CDATA[ie]]>
              </value>
            </param>
          </params>
          <reporter-output>
          </reporter-output>
        </test-method> <!-- beforeMethod -->
        <test-method status="PASS" signature="testUploadImage()[pri:0, instance:tests.TestUploadImage@e25b2fe]" name="testUploadImage" duration-ms="2922" started-at="2017-01-07T20:59:51Z" finished-at="2017-01-07T20:59:54Z">
          <reporter-output>
          </reporter-output>
        </test-method> <!-- testUploadImage -->
        <test-method status="PASS" signature="afterMethod()[pri:0, instance:tests.TestUploadImage@e25b2fe]" name="afterMethod" is-config="true" duration-ms="1030" started-at="2017-01-07T20:59:54Z" finished-at="2017-01-07T20:59:55Z">
          <reporter-output>
          </reporter-output>
        </test-method> <!-- afterMethod -->
        <test-method status="PASS" signature="beforeMethod(java.lang.String)[pri:0, instance:tests.TestUploadImage@e25b2fe]" name="beforeMethod" is-config="true" duration-ms="2842" started-at="2017-01-07T20:59:55Z" finished-at="2017-01-07T20:59:58Z">
          <params>
            <param index="0">
              <value>
                <![CDATA[ie]]>
              </value>
            </param>
          </params>
          <reporter-output>
          </reporter-output>
        </test-method> <!-- beforeMethod -->
        <test-method status="PASS" signature="testUploadImage()[pri:0, instance:tests.TestUploadImage@e25b2fe]" name="testUploadImage" duration-ms="2891" started-at="2017-01-07T20:59:58Z" finished-at="2017-01-07T21:00:01Z">
          <reporter-output>
          </reporter-output>
        </test-method> <!-- testUploadImage -->
        <test-method status="PASS" signature="afterMethod()[pri:0, instance:tests.TestUploadImage@e25b2fe]" name="afterMethod" is-config="true" duration-ms="1080" started-at="2017-01-07T21:00:01Z" finished-at="2017-01-07T21:00:02Z">
          <reporter-output>
          </reporter-output>
        </test-method> <!-- afterMethod -->
      </class> <!-- tests.TestUploadImage -->
    </test> <!-- IETest -->
  </suite> <!-- Suite -->
</testng-results>
